This is e-pTeX, Version 3.14159265-p3.5-130605-2.6 (sjis) (TeX Live 2014/W32TeX) (preloaded format=platex 2015.5.31)  10 NOV 2015 13:51
entering extended mode
 restricted \write18 enabled.
 %&-line parsing enabled.
**x
(c:/texlive/2014/texmf-dist/tex/latex/tools/x.tex
pLaTeX2e <2006/11/10> (based on LaTeX2e <2014/05/01> patch level 0)
Babel <3.9k> and hyphenation patterns for 78 languages loaded.

! .
l.33   \batchmode \errmessage{}
                               \csname @@end\endcsname \end
This error message was generated by an \errmessage
command, so I can't give any explicit help.
Pretend that you're Hercule Poirot: Examine all clues,
and deduce the truth by order and method.

 ) 
Here is how much of TeX's memory you used:
 5 strings out of 493807
 145 string characters out of 6154844
 53144 words of memory out of 5000000
 3569 multiletter control sequences out of 15000+600000
 7519 words of font info for 31 fonts, out of 8000000 for 9000
 929 hyphenation exceptions out of 8191
 5i,0n,1p,81b,8s stack positions out of 5000i,500n,10000p,200000b,80000s

No pages of output.
